<?xml version="1.0" encoding="UTF-8"?>
<!-- Generated by org.testng.reporters.JUnitReportReporter -->
<testsuite hostname="Pramod" failures="0" tests="1" name="Testing.T_Languages" time="5.371" errors="0" timestamp="2023-06-20T10:49:35 IST" skipped="0">
  <testcase classname="Testing.T_Languages" name="testMethod" time="5.371"/>
</testsuite> <!-- Testing.T_Languages -->
