<?xml version="1.0" encoding="UTF-8"?>
<!-- Generated by org.testng.reporters.JUnitReportReporter -->
<testsuite hostname="Pramod" failures="0" tests="7" name="testngparallel.TestNG_Parallel_Part1" time="327.700" errors="0" timestamp="2023-10-17T13:55:54 IST" skipped="1">
  <testcase classname="testngparallel.TestNG_Parallel_Part1" name="TC1" time="14.590"/>
  <testcase classname="testngparallel.TestNG_Parallel_Part1" name="TC2" time="60.096"/>
  <testcase classname="testngparallel.TestNG_Parallel_Part1" name="TC1" time="15.298"/>
  <testcase classname="testngparallel.TestNG_Parallel_Part1" name="TC1" time="50.542"/>
  <testcase classname="testngparallel.TestNG_Parallel_Part1" name="TC2" time="92.264"/>
  <testcase classname="testngparallel.TestNG_Parallel_Part1" name="TC2" time="94.910"/>
  <testcase classname="testngparallel.TestNG_Parallel_Part1" name="TC3">
    <skipped/>
  </testcase> <!-- TC3 -->
</testsuite> <!-- testngparallel.TestNG_Parallel_Part1 -->
