<?xml version="1.0" encoding="UTF-8"?>
<!-- Generated by org.testng.reporters.JUnitReportReporter -->
<testsuite hostname="Pramod" failures="0" tests="7" name="testngparallel.TestNG_Parallel_Part2" time="266.697" errors="0" timestamp="2023-10-17T13:55:53 IST" skipped="1">
  <testcase classname="testngparallel.TestNG_Parallel_Part2" name="TC1" time="29.951"/>
  <testcase classname="testngparallel.TestNG_Parallel_Part2" name="TC2" time="48.024"/>
  <testcase classname="testngparallel.TestNG_Parallel_Part2" name="TC1" time="30.645"/>
  <testcase classname="testngparallel.TestNG_Parallel_Part2" name="TC2" time="75.201"/>
  <testcase classname="testngparallel.TestNG_Parallel_Part2" name="TC2" time="65.976"/>
  <testcase classname="testngparallel.TestNG_Parallel_Part2" name="TC1" time="16.900"/>
  <testcase classname="testngparallel.TestNG_Parallel_Part2" name="TC3">
    <skipped/>
  </testcase> <!-- TC3 -->
</testsuite> <!-- testngparallel.TestNG_Parallel_Part2 -->
