<?xml version="1.0" encoding="UTF-8"?>
<!-- Generated by org.testng.reporters.JUnitReportReporter -->
<testsuite hostname="Pramod" failures="0" tests="1" name="Testing.Dropdown" time="6.218" errors="0" timestamp="2024-01-14T12:02:59 IST" skipped="0">
  <testcase classname="Testing.Dropdown" name="dropdown" time="6.218"/>
</testsuite> <!-- Testing.Dropdown -->
