<?xml version="1.0" encoding="UTF-8"?>
<!-- Generated by org.testng.reporters.JUnitReportReporter -->
<testsuite hostname="LAPTOP-QMDCNQ67" failures="0" tests="1" name="CrossBrowserTesting.CrossBrowserTestingDemo" time="6.663" errors="0" timestamp="2023-06-02T15:50:41 IST" skipped="0">
  <testcase classname="CrossBrowserTesting.CrossBrowserTestingDemo" name="verifyTitle" time="6.663"/>
  <system-out/>
</testsuite> <!-- CrossBrowserTesting.CrossBrowserTestingDemo -->
